<?xml version="1.0" encoding="UTF-8"?>
<coverage generated="1778860876399" clover="3.2.0">
  <project timestamp="1778860876399" name="All files">
    <metrics statements="152" coveredstatements="95" conditionals="35" coveredconditionals="32" methods="6" coveredmethods="4" elements="193" coveredelements="131" complexity="0" loc="152" ncloc="152" packages="2" files="3" classes="3"/>
    <package name="jbtictactoe">
      <metrics statements="57" coveredstatements="0" conditionals="2" coveredconditionals="0" methods="2" coveredmethods="0"/>
      <file name=".eslintrc.cjs" path="/Users/jasonburns/jbtictactoe/.eslintrc.cjs">
        <metrics statements="27" coveredstatements="0" conditionals="1" coveredconditionals="0" methods="1" coveredmethods="0"/>
        <line num="1" count="0" type="cond" truecount="0" falsecount="1"/>
        <line num="2" count="0" type="stmt"/>
        <line num="3" count="0" type="stmt"/>
        <line num="4" count="0" type="stmt"/>
        <line num="5" count="0" type="stmt"/>
        <line num="6" count="0" type="stmt"/>
        <line num="7" count="0" type="stmt"/>
        <line num="8" count="0" type="stmt"/>
        <line num="9" count="0" type="stmt"/>
        <line num="10" count="0" type="stmt"/>
        <line num="11" count="0" type="stmt"/>
        <line num="12" count="0" type="stmt"/>
        <line num="13" count="0" type="stmt"/>
        <line num="14" count="0" type="stmt"/>
        <line num="15" count="0" type="stmt"/>
        <line num="16" count="0" type="stmt"/>
        <line num="17" count="0" type="stmt"/>
        <line num="18" count="0" type="stmt"/>
        <line num="19" count="0" type="stmt"/>
        <line num="20" count="0" type="stmt"/>
        <line num="21" count="0" type="stmt"/>
        <line num="22" count="0" type="stmt"/>
        <line num="23" count="0" type="stmt"/>
        <line num="24" count="0" type="stmt"/>
        <line num="25" count="0" type="stmt"/>
        <line num="26" count="0" type="stmt"/>
        <line num="27" count="0" type="stmt"/>
      </file>
      <file name="playwright.config.js" path="/Users/jasonburns/jbtictactoe/playwright.config.js">
        <metrics statements="30" coveredstatements="0" conditionals="1" coveredconditionals="0" methods="1" coveredmethods="0"/>
        <line num="1" count="0" type="cond" truecount="0" falsecount="1"/>
        <line num="2" count="0" type="stmt"/>
        <line num="3" count="0" type="stmt"/>
        <line num="4" count="0" type="stmt"/>
        <line num="5" count="0" type="stmt"/>
        <line num="6" count="0" type="stmt"/>
        <line num="7" count="0" type="stmt"/>
        <line num="8" count="0" type="stmt"/>
        <line num="9" count="0" type="stmt"/>
        <line num="10" count="0" type="stmt"/>
        <line num="11" count="0" type="stmt"/>
        <line num="12" count="0" type="stmt"/>
        <line num="13" count="0" type="stmt"/>
        <line num="14" count="0" type="stmt"/>
        <line num="15" count="0" type="stmt"/>
        <line num="16" count="0" type="stmt"/>
        <line num="17" count="0" type="stmt"/>
        <line num="18" count="0" type="stmt"/>
        <line num="19" count="0" type="stmt"/>
        <line num="20" count="0" type="stmt"/>
        <line num="21" count="0" type="stmt"/>
        <line num="22" count="0" type="stmt"/>
        <line num="23" count="0" type="stmt"/>
        <line num="24" count="0" type="stmt"/>
        <line num="25" count="0" type="stmt"/>
        <line num="26" count="0" type="stmt"/>
        <line num="27" count="0" type="stmt"/>
        <line num="28" count="0" type="stmt"/>
        <line num="29" count="0" type="stmt"/>
        <line num="30" count="0" type="stmt"/>
      </file>
    </package>
    <package name="jbtictactoe.src">
      <metrics statements="95" coveredstatements="95" conditionals="33" coveredconditionals="32" methods="4" coveredmethods="4"/>
      <file name="App.jsx" path="/Users/jasonburns/jbtictactoe/src/App.jsx">
        <metrics statements="95" coveredstatements="95" conditionals="33" coveredconditionals="32" methods="4" coveredmethods="4"/>
        <line num="1" count="1" type="stmt"/>
        <line num="2" count="1" type="stmt"/>
        <line num="3" count="1" type="stmt"/>
        <line num="4" count="1" type="stmt"/>
        <line num="5" count="1" type="stmt"/>
        <line num="6" count="1" type="stmt"/>
        <line num="7" count="1" type="stmt"/>
        <line num="8" count="1" type="stmt"/>
        <line num="9" count="1" type="stmt"/>
        <line num="10" count="1" type="stmt"/>
        <line num="11" count="1" type="stmt"/>
        <line num="12" count="1" type="stmt"/>
        <line num="13" count="1" type="stmt"/>
        <line num="14" count="66" type="cond" truecount="1" falsecount="0"/>
        <line num="15" count="66" type="cond" truecount="1" falsecount="0"/>
        <line num="16" count="472" type="stmt"/>
        <line num="17" count="472" type="cond" truecount="3" falsecount="0"/>
        <line num="18" count="11" type="stmt"/>
        <line num="19" count="11" type="stmt"/>
        <line num="20" count="472" type="cond" truecount="1" falsecount="0"/>
        <line num="21" count="55" type="stmt"/>
        <line num="22" count="55" type="stmt"/>
        <line num="23" count="1" type="stmt"/>
        <line num="24" count="58" type="cond" truecount="1" falsecount="0"/>
        <line num="25" count="58" type="stmt"/>
        <line num="26" count="58" type="stmt"/>
        <line num="27" count="58" type="stmt"/>
        <line num="28" count="58" type="cond" truecount="1" falsecount="0"/>
        <line num="29" count="58" type="cond" truecount="1" falsecount="0"/>
        <line num="30" count="58" type="cond" truecount="2" falsecount="0"/>
        <line num="31" count="58" type="stmt"/>
        <line num="32" count="58" type="cond" truecount="1" falsecount="0"/>
        <line num="33" count="58" type="cond" truecount="1" falsecount="0"/>
        <line num="34" count="5" type="cond" truecount="1" falsecount="0"/>
        <line num="35" count="53" type="cond" truecount="1" falsecount="0"/>
        <line num="36" count="1" type="cond" truecount="1" falsecount="0"/>
        <line num="37" count="52" type="cond" truecount="2" falsecount="0"/>
        <line num="38" count="58" type="stmt"/>
        <line num="39" count="58" type="stmt"/>
        <line num="40" count="58" type="stmt"/>
        <line num="41" count="58" type="stmt"/>
        <line num="42" count="58" type="cond" truecount="1" falsecount="0"/>
        <line num="43" count="42" type="cond" truecount="0" falsecount="1"/>
        <line num="44" count="42" type="stmt"/>
        <line num="45" count="42" type="cond" truecount="2" falsecount="0"/>
        <line num="46" count="42" type="stmt"/>
        <line num="47" count="42" type="stmt"/>
        <line num="48" count="42" type="stmt"/>
        <line num="49" count="58" type="stmt"/>
        <line num="50" count="58" type="stmt"/>
        <line num="51" count="58" type="stmt"/>
        <line num="52" count="58" type="stmt"/>
        <line num="53" count="58" type="cond" truecount="1" falsecount="0"/>
        <line num="54" count="2" type="cond" truecount="1" falsecount="0"/>
        <line num="55" count="2" type="stmt"/>
        <line num="56" count="2" type="stmt"/>
        <line num="57" count="2" type="stmt"/>
        <line num="58" count="2" type="stmt"/>
        <line num="59" count="58" type="stmt"/>
        <line num="60" count="58" type="stmt"/>
        <line num="61" count="58" type="stmt"/>
        <line num="62" count="58" type="cond" truecount="1" falsecount="0"/>
        <line num="63" count="2" type="stmt"/>
        <line num="64" count="2" type="stmt"/>
        <line num="65" count="58" type="stmt"/>
        <line num="66" count="58" type="stmt"/>
        <line num="67" count="58" type="stmt"/>
        <line num="68" count="58" type="stmt"/>
        <line num="69" count="58" type="stmt"/>
        <line num="70" count="58" type="stmt"/>
        <line num="71" count="58" type="stmt"/>
        <line num="72" count="58" type="stmt"/>
        <line num="73" count="58" type="stmt"/>
        <line num="74" count="58" type="stmt"/>
        <line num="75" count="58" type="cond" truecount="1" falsecount="0"/>
        <line num="76" count="522" type="stmt"/>
        <line num="77" count="522" type="stmt"/>
        <line num="78" count="522" type="cond" truecount="2" falsecount="0"/>
        <line num="79" count="522" type="cond" truecount="1" falsecount="0"/>
        <line num="80" count="522" type="cond" truecount="1" falsecount="0"/>
        <line num="81" count="522" type="cond" truecount="1" falsecount="0"/>
        <line num="82" count="522" type="cond" truecount="2" falsecount="0"/>
        <line num="83" count="522" type="stmt"/>
        <line num="84" count="522" type="stmt"/>
        <line num="85" count="522" type="stmt"/>
        <line num="86" count="522" type="stmt"/>
        <line num="87" count="58" type="stmt"/>
        <line num="88" count="58" type="stmt"/>
        <line num="89" count="58" type="stmt"/>
        <line num="90" count="58" type="stmt"/>
        <line num="91" count="58" type="stmt"/>
        <line num="92" count="58" type="stmt"/>
        <line num="93" count="1" type="stmt"/>
        <line num="94" count="1" type="stmt"/>
        <line num="95" count="1" type="stmt"/>
      </file>
    </package>
  </project>
</coverage>
