{"/Users/jasonburns/jbtictactoe/.eslintrc.cjs": {"path":"/Users/jasonburns/jbtictactoe/.eslintrc.cjs","all":true,"statementMap":{"0":{"start":{"line":1,"column":0},"end":{"line":1,"column":18}},"1":{"start":{"line":2,"column":0},"end":{"line":2,"column":8}},"2":{"start":{"line":3,"column":0},"end":{"line":3,"column":18}},"3":{"start":{"line":4,"column":0},"end":{"line":4,"column":17}},"4":{"start":{"line":5,"column":0},"end":{"line":5,"column":15}},"5":{"start":{"line":6,"column":0},"end":{"line":6,"column":4}},"6":{"start":{"line":7,"column":0},"end":{"line":7,"column":18}},"7":{"start":{"line":8,"column":0},"end":{"line":8,"column":26}},"8":{"start":{"line":9,"column":0},"end":{"line":9,"column":25}},"9":{"start":{"line":10,"column":0},"end":{"line":10,"column":19}},"10":{"start":{"line":11,"column":0},"end":{"line":11,"column":16}},"11":{"start":{"line":12,"column":0},"end":{"line":12,"column":6}},"12":{"start":{"line":13,"column":0},"end":{"line":13,"column":4}},"13":{"start":{"line":14,"column":0},"end":{"line":14,"column":13}},"14":{"start":{"line":15,"column":0},"end":{"line":15,"column":12}},"15":{"start":{"line":16,"column":0},"end":{"line":16,"column":24}},"16":{"start":{"line":17,"column":0},"end":{"line":17,"column":6}},"17":{"start":{"line":18,"column":0},"end":{"line":18,"column":4}},"18":{"start":{"line":19,"column":0},"end":{"line":19,"column":62}},"19":{"start":{"line":20,"column":0},"end":{"line":20,"column":21}},"20":{"start":{"line":21,"column":0},"end":{"line":21,"column":10}},"21":{"start":{"line":22,"column":0},"end":{"line":22,"column":38}},"22":{"start":{"line":23,"column":0},"end":{"line":23,"column":31}},"23":{"start":{"line":24,"column":0},"end":{"line":24,"column":57}},"24":{"start":{"line":25,"column":0},"end":{"line":25,"column":61}},"25":{"start":{"line":26,"column":0},"end":{"line":26,"column":4}},"26":{"start":{"line":27,"column":0},"end":{"line":27,"column":1}}},"s":{"0":0,"1":0,"2":0,"3":0,"4":0,"5":0,"6":0,"7":0,"8":0,"9":0,"10":0,"11":0,"12":0,"13":0,"14":0,"15":0,"16":0,"17":0,"18":0,"19":0,"20":0,"21":0,"22":0,"23":0,"24":0,"25":0,"26":0},"branchMap":{"0":{"type":"branch","line":1,"loc":{"start":{"line":1,"column":564},"end":{"line":27,"column":1}},"locations":[{"start":{"line":1,"column":564},"end":{"line":27,"column":1}}]}},"b":{"0":[0]},"fnMap":{"0":{"name":"(empty-report)","decl":{"start":{"line":1,"column":564},"end":{"line":27,"column":1}},"loc":{"start":{"line":1,"column":564},"end":{"line":27,"column":1}},"line":1}},"f":{"0":0}}
,"/Users/jasonburns/jbtictactoe/playwright.config.js": {"path":"/Users/jasonburns/jbtictactoe/playwright.config.js","all":true,"statementMap":{"0":{"start":{"line":1,"column":0},"end":{"line":1,"column":56}},"1":{"start":{"line":2,"column":0},"end":{"line":2,"column":0}},"2":{"start":{"line":3,"column":0},"end":{"line":3,"column":29}},"3":{"start":{"line":4,"column":0},"end":{"line":4,"column":21}},"4":{"start":{"line":5,"column":0},"end":{"line":5,"column":18}},"5":{"start":{"line":6,"column":0},"end":{"line":6,"column":11}},"6":{"start":{"line":7,"column":0},"end":{"line":7,"column":19}},"7":{"start":{"line":8,"column":0},"end":{"line":8,"column":4}},"8":{"start":{"line":9,"column":0},"end":{"line":9,"column":22}},"9":{"start":{"line":10,"column":0},"end":{"line":10,"column":31}},"10":{"start":{"line":11,"column":0},"end":{"line":11,"column":34}},"11":{"start":{"line":12,"column":0},"end":{"line":12,"column":42}},"12":{"start":{"line":13,"column":0},"end":{"line":13,"column":8}},"13":{"start":{"line":14,"column":0},"end":{"line":14,"column":26}},"14":{"start":{"line":15,"column":0},"end":{"line":15,"column":37}},"15":{"start":{"line":16,"column":0},"end":{"line":16,"column":28}},"16":{"start":{"line":17,"column":0},"end":{"line":17,"column":4}},"17":{"start":{"line":18,"column":0},"end":{"line":18,"column":14}},"18":{"start":{"line":19,"column":0},"end":{"line":19,"column":27}},"19":{"start":{"line":20,"column":0},"end":{"line":20,"column":15}},"20":{"start":{"line":21,"column":0},"end":{"line":21,"column":30}},"21":{"start":{"line":22,"column":0},"end":{"line":22,"column":20}},"22":{"start":{"line":23,"column":0},"end":{"line":23,"column":4}},"23":{"start":{"line":24,"column":0},"end":{"line":24,"column":13}},"24":{"start":{"line":25,"column":0},"end":{"line":25,"column":5}},"25":{"start":{"line":26,"column":0},"end":{"line":26,"column":23}},"26":{"start":{"line":27,"column":0},"end":{"line":27,"column":44}},"27":{"start":{"line":28,"column":0},"end":{"line":28,"column":6}},"28":{"start":{"line":29,"column":0},"end":{"line":29,"column":4}},"29":{"start":{"line":30,"column":0},"end":{"line":30,"column":2}}},"s":{"0":0,"1":0,"2":0,"3":0,"4":0,"5":0,"6":0,"7":0,"8":0,"9":0,"10":0,"11":0,"12":0,"13":0,"14":0,"15":0,"16":0,"17":0,"18":0,"19":0,"20":0,"21":0,"22":0,"23":0,"24":0,"25":0,"26":0,"27":0,"28":0,"29":0},"branchMap":{"0":{"type":"branch","line":1,"loc":{"start":{"line":1,"column":0},"end":{"line":30,"column":-102}},"locations":[{"start":{"line":1,"column":0},"end":{"line":30,"column":-102}}]}},"b":{"0":[0]},"fnMap":{"0":{"name":"(empty-report)","decl":{"start":{"line":1,"column":0},"end":{"line":30,"column":-102}},"loc":{"start":{"line":1,"column":0},"end":{"line":30,"column":-102}},"line":1}},"f":{"0":0}}
,"/Users/jasonburns/jbtictactoe/src/App.jsx": {"path":"/Users/jasonburns/jbtictactoe/src/App.jsx","all":false,"statementMap":{"0":{"start":{"line":1,"column":0},"end":{"line":1,"column":54}},"1":{"start":{"line":2,"column":0},"end":{"line":2,"column":0}},"2":{"start":{"line":3,"column":0},"end":{"line":3,"column":15}},"3":{"start":{"line":4,"column":0},"end":{"line":4,"column":12}},"4":{"start":{"line":5,"column":0},"end":{"line":5,"column":12}},"5":{"start":{"line":6,"column":0},"end":{"line":6,"column":12}},"6":{"start":{"line":7,"column":0},"end":{"line":7,"column":12}},"7":{"start":{"line":8,"column":0},"end":{"line":8,"column":12}},"8":{"start":{"line":9,"column":0},"end":{"line":9,"column":12}},"9":{"start":{"line":10,"column":0},"end":{"line":10,"column":12}},"10":{"start":{"line":11,"column":0},"end":{"line":11,"column":11}},"11":{"start":{"line":12,"column":0},"end":{"line":12,"column":1}},"12":{"start":{"line":13,"column":0},"end":{"line":13,"column":0}},"13":{"start":{"line":14,"column":0},"end":{"line":14,"column":33}},"14":{"start":{"line":15,"column":0},"end":{"line":15,"column":29}},"15":{"start":{"line":16,"column":0},"end":{"line":16,"column":26}},"16":{"start":{"line":17,"column":0},"end":{"line":17,"column":69}},"17":{"start":{"line":18,"column":0},"end":{"line":18,"column":39}},"18":{"start":{"line":19,"column":0},"end":{"line":19,"column":5}},"19":{"start":{"line":20,"column":0},"end":{"line":20,"column":3}},"20":{"start":{"line":21,"column":0},"end":{"line":21,"column":13}},"21":{"start":{"line":22,"column":0},"end":{"line":22,"column":1}},"22":{"start":{"line":23,"column":0},"end":{"line":23,"column":0}},"23":{"start":{"line":24,"column":0},"end":{"line":24,"column":16}},"24":{"start":{"line":25,"column":0},"end":{"line":25,"column":57}},"25":{"start":{"line":26,"column":0},"end":{"line":26,"column":46}},"26":{"start":{"line":27,"column":0},"end":{"line":27,"column":0}},"27":{"start":{"line":28,"column":0},"end":{"line":28,"column":63}},"28":{"start":{"line":29,"column":0},"end":{"line":29,"column":31}},"29":{"start":{"line":30,"column":0},"end":{"line":30,"column":40}},"30":{"start":{"line":31,"column":0},"end":{"line":31,"column":25}},"31":{"start":{"line":32,"column":0},"end":{"line":32,"column":9}},"32":{"start":{"line":33,"column":0},"end":{"line":33,"column":12}},"33":{"start":{"line":34,"column":0},"end":{"line":34,"column":29}},"34":{"start":{"line":35,"column":0},"end":{"line":35,"column":30}},"35":{"start":{"line":36,"column":0},"end":{"line":36,"column":18}},"36":{"start":{"line":37,"column":0},"end":{"line":37,"column":50}},"37":{"start":{"line":38,"column":0},"end":{"line":38,"column":28}},"38":{"start":{"line":39,"column":0},"end":{"line":39,"column":3}},"39":{"start":{"line":40,"column":0},"end":{"line":40,"column":0}},"40":{"start":{"line":41,"column":0},"end":{"line":41,"column":34}},"41":{"start":{"line":42,"column":0},"end":{"line":42,"column":16}},"42":{"start":{"line":43,"column":0},"end":{"line":43,"column":40}},"43":{"start":{"line":44,"column":0},"end":{"line":44,"column":37}},"44":{"start":{"line":45,"column":0},"end":{"line":45,"column":44}},"45":{"start":{"line":46,"column":0},"end":{"line":46,"column":25}},"46":{"start":{"line":47,"column":0},"end":{"line":47,"column":26}},"47":{"start":{"line":48,"column":0},"end":{"line":48,"column":6}},"48":{"start":{"line":49,"column":0},"end":{"line":49,"column":28}},"49":{"start":{"line":50,"column":0},"end":{"line":50,"column":3}},"50":{"start":{"line":51,"column":0},"end":{"line":51,"column":0}},"51":{"start":{"line":52,"column":0},"end":{"line":52,"column":36}},"52":{"start":{"line":53,"column":0},"end":{"line":53,"column":19}},"53":{"start":{"line":54,"column":0},"end":{"line":54,"column":47}},"54":{"start":{"line":55,"column":0},"end":{"line":55,"column":26}},"55":{"start":{"line":56,"column":0},"end":{"line":56,"column":26}},"56":{"start":{"line":57,"column":0},"end":{"line":57,"column":7}},"57":{"start":{"line":58,"column":0},"end":{"line":58,"column":6}},"58":{"start":{"line":59,"column":0},"end":{"line":59,"column":17}},"59":{"start":{"line":60,"column":0},"end":{"line":60,"column":3}},"60":{"start":{"line":61,"column":0},"end":{"line":61,"column":0}},"61":{"start":{"line":62,"column":0},"end":{"line":62,"column":39}},"62":{"start":{"line":63,"column":0},"end":{"line":63,"column":33}},"63":{"start":{"line":64,"column":0},"end":{"line":64,"column":20}},"64":{"start":{"line":65,"column":0},"end":{"line":65,"column":8}},"65":{"start":{"line":66,"column":0},"end":{"line":66,"column":0}},"66":{"start":{"line":67,"column":0},"end":{"line":67,"column":10}},"67":{"start":{"line":68,"column":0},"end":{"line":68,"column":31}},"68":{"start":{"line":69,"column":0},"end":{"line":69,"column":33}},"69":{"start":{"line":70,"column":0},"end":{"line":70,"column":31}},"70":{"start":{"line":71,"column":0},"end":{"line":71,"column":50}},"71":{"start":{"line":72,"column":0},"end":{"line":72,"column":12}},"72":{"start":{"line":73,"column":0},"end":{"line":73,"column":40}},"73":{"start":{"line":74,"column":0},"end":{"line":74,"column":49}},"74":{"start":{"line":75,"column":0},"end":{"line":75,"column":38}},"75":{"start":{"line":76,"column":0},"end":{"line":76,"column":17}},"76":{"start":{"line":77,"column":0},"end":{"line":77,"column":35}},"77":{"start":{"line":78,"column":0},"end":{"line":78,"column":88}},"78":{"start":{"line":79,"column":0},"end":{"line":79,"column":46}},"79":{"start":{"line":80,"column":0},"end":{"line":80,"column":54}},"80":{"start":{"line":81,"column":0},"end":{"line":81,"column":49}},"81":{"start":{"line":82,"column":0},"end":{"line":82,"column":88}},"82":{"start":{"line":83,"column":0},"end":{"line":83,"column":41}},"83":{"start":{"line":84,"column":0},"end":{"line":84,"column":11}},"84":{"start":{"line":85,"column":0},"end":{"line":85,"column":19}},"85":{"start":{"line":86,"column":0},"end":{"line":86,"column":19}},"86":{"start":{"line":87,"column":0},"end":{"line":87,"column":11}},"87":{"start":{"line":88,"column":0},"end":{"line":88,"column":12}},"88":{"start":{"line":89,"column":0},"end":{"line":89,"column":80}},"89":{"start":{"line":90,"column":0},"end":{"line":90,"column":10}},"90":{"start":{"line":91,"column":0},"end":{"line":91,"column":3}},"91":{"start":{"line":92,"column":0},"end":{"line":92,"column":1}},"92":{"start":{"line":93,"column":0},"end":{"line":93,"column":0}},"93":{"start":{"line":94,"column":0},"end":{"line":94,"column":26}},"94":{"start":{"line":95,"column":0},"end":{"line":95,"column":18}}},"s":{"0":1,"1":1,"2":1,"3":1,"4":1,"5":1,"6":1,"7":1,"8":1,"9":1,"10":1,"11":1,"12":1,"13":66,"14":66,"15":472,"16":472,"17":11,"18":11,"19":472,"20":55,"21":55,"22":1,"23":58,"24":58,"25":58,"26":58,"27":58,"28":58,"29":58,"30":58,"31":58,"32":58,"33":5,"34":53,"35":1,"36":52,"37":58,"38":58,"39":58,"40":58,"41":58,"42":42,"43":42,"44":42,"45":42,"46":42,"47":42,"48":58,"49":58,"50":58,"51":58,"52":58,"53":2,"54":2,"55":2,"56":2,"57":2,"58":58,"59":58,"60":58,"61":58,"62":2,"63":2,"64":58,"65":58,"66":58,"67":58,"68":58,"69":58,"70":58,"71":58,"72":58,"73":58,"74":58,"75":522,"76":522,"77":522,"78":522,"79":522,"80":522,"81":522,"82":522,"83":522,"84":522,"85":522,"86":58,"87":58,"88":58,"89":58,"90":58,"91":58,"92":1,"93":1,"94":1},"branchMap":{"0":{"type":"branch","line":14,"loc":{"start":{"line":14,"column":0},"end":{"line":22,"column":1}},"locations":[{"start":{"line":14,"column":0},"end":{"line":22,"column":1}}]},"1":{"type":"branch","line":15,"loc":{"start":{"line":15,"column":28},"end":{"line":20,"column":3}},"locations":[{"start":{"line":15,"column":28},"end":{"line":20,"column":3}}]},"2":{"type":"branch","line":17,"loc":{"start":{"line":17,"column":15},"end":{"line":17,"column":45}},"locations":[{"start":{"line":17,"column":15},"end":{"line":17,"column":45}}]},"3":{"type":"branch","line":17,"loc":{"start":{"line":17,"column":40},"end":{"line":17,"column":68}},"locations":[{"start":{"line":17,"column":40},"end":{"line":17,"column":68}}]},"4":{"type":"branch","line":17,"loc":{"start":{"line":17,"column":68},"end":{"line":19,"column":5}},"locations":[{"start":{"line":17,"column":68},"end":{"line":19,"column":5}}]},"5":{"type":"branch","line":20,"loc":{"start":{"line":20,"column":2},"end":{"line":22,"column":1}},"locations":[{"start":{"line":20,"column":2},"end":{"line":22,"column":1}}]},"6":{"type":"branch","line":24,"loc":{"start":{"line":24,"column":0},"end":{"line":92,"column":1}},"locations":[{"start":{"line":24,"column":0},"end":{"line":92,"column":1}}]},"7":{"type":"branch","line":29,"loc":{"start":{"line":29,"column":17},"end":{"line":29,"column":31}},"locations":[{"start":{"line":29,"column":17},"end":{"line":29,"column":31}}]},"8":{"type":"branch","line":30,"loc":{"start":{"line":30,"column":22},"end":{"line":30,"column":38}},"locations":[{"start":{"line":30,"column":22},"end":{"line":30,"column":38}}]},"9":{"type":"branch","line":30,"loc":{"start":{"line":30,"column":30},"end":{"line":30,"column":40}},"locations":[{"start":{"line":30,"column":30},"end":{"line":30,"column":40}}]},"10":{"type":"branch","line":28,"loc":{"start":{"line":28,"column":25},"end":{"line":28,"column":55}},"locations":[{"start":{"line":28,"column":25},"end":{"line":28,"column":55}}]},"11":{"type":"branch","line":32,"loc":{"start":{"line":32,"column":4},"end":{"line":37,"column":50}},"locations":[{"start":{"line":32,"column":4},"end":{"line":37,"column":50}}]},"12":{"type":"branch","line":33,"loc":{"start":{"line":33,"column":6},"end":{"line":34,"column":29}},"locations":[{"start":{"line":33,"column":6},"end":{"line":34,"column":29}}]},"13":{"type":"branch","line":34,"loc":{"start":{"line":34,"column":27},"end":{"line":37,"column":50}},"locations":[{"start":{"line":34,"column":27},"end":{"line":37,"column":50}}]},"14":{"type":"branch","line":35,"loc":{"start":{"line":35,"column":29},"end":{"line":36,"column":18}},"locations":[{"start":{"line":35,"column":29},"end":{"line":36,"column":18}}]},"15":{"type":"branch","line":36,"loc":{"start":{"line":36,"column":12},"end":{"line":37,"column":50}},"locations":[{"start":{"line":36,"column":12},"end":{"line":37,"column":50}}]},"16":{"type":"branch","line":37,"loc":{"start":{"line":37,"column":28},"end":{"line":37,"column":44}},"locations":[{"start":{"line":37,"column":28},"end":{"line":37,"column":44}}]},"17":{"type":"branch","line":37,"loc":{"start":{"line":37,"column":38},"end":{"line":37,"column":47}},"locations":[{"start":{"line":37,"column":38},"end":{"line":37,"column":47}}]},"18":{"type":"branch","line":42,"loc":{"start":{"line":42,"column":4},"end":{"line":48,"column":6}},"locations":[{"start":{"line":42,"column":4},"end":{"line":48,"column":6}}]},"19":{"type":"branch","line":43,"loc":{"start":{"line":43,"column":34},"end":{"line":43,"column":40}},"locations":[{"start":{"line":43,"column":34},"end":{"line":43,"column":40}}]},"20":{"type":"branch","line":45,"loc":{"start":{"line":45,"column":25},"end":{"line":45,"column":41}},"locations":[{"start":{"line":45,"column":25},"end":{"line":45,"column":41}}]},"21":{"type":"branch","line":45,"loc":{"start":{"line":45,"column":35},"end":{"line":45,"column":44}},"locations":[{"start":{"line":45,"column":35},"end":{"line":45,"column":44}}]},"22":{"type":"branch","line":53,"loc":{"start":{"line":53,"column":4},"end":{"line":58,"column":6}},"locations":[{"start":{"line":53,"column":4},"end":{"line":58,"column":6}}]},"23":{"type":"branch","line":54,"loc":{"start":{"line":54,"column":20},"end":{"line":54,"column":46}},"locations":[{"start":{"line":54,"column":20},"end":{"line":54,"column":46}}]},"24":{"type":"branch","line":62,"loc":{"start":{"line":62,"column":32},"end":{"line":65,"column":5}},"locations":[{"start":{"line":62,"column":32},"end":{"line":65,"column":5}}]},"25":{"type":"branch","line":75,"loc":{"start":{"line":75,"column":19},"end":{"line":86,"column":19}},"locations":[{"start":{"line":75,"column":19},"end":{"line":86,"column":19}}]},"26":{"type":"branch","line":78,"loc":{"start":{"line":78,"column":58},"end":{"line":78,"column":83}},"locations":[{"start":{"line":78,"column":58},"end":{"line":78,"column":83}}]},"27":{"type":"branch","line":78,"loc":{"start":{"line":78,"column":62},"end":{"line":78,"column":85}},"locations":[{"start":{"line":78,"column":62},"end":{"line":78,"column":85}}]},"28":{"type":"branch","line":81,"loc":{"start":{"line":81,"column":24},"end":{"line":81,"column":49}},"locations":[{"start":{"line":81,"column":24},"end":{"line":81,"column":49}}]},"29":{"type":"branch","line":82,"loc":{"start":{"line":82,"column":57},"end":{"line":82,"column":83}},"locations":[{"start":{"line":82,"column":57},"end":{"line":82,"column":83}}]},"30":{"type":"branch","line":82,"loc":{"start":{"line":82,"column":79},"end":{"line":82,"column":85}},"locations":[{"start":{"line":82,"column":79},"end":{"line":82,"column":85}}]},"31":{"type":"branch","line":79,"loc":{"start":{"line":79,"column":21},"end":{"line":79,"column":46}},"locations":[{"start":{"line":79,"column":21},"end":{"line":79,"column":46}}]},"32":{"type":"branch","line":80,"loc":{"start":{"line":80,"column":23},"end":{"line":80,"column":54}},"locations":[{"start":{"line":80,"column":23},"end":{"line":80,"column":54}}]}},"b":{"0":[66],"1":[472],"2":[192],"3":[39],"4":[11],"5":[55],"6":[58],"7":[5],"8":[5],"9":[53],"10":[58],"11":[58],"12":[5],"13":[53],"14":[1],"15":[52],"16":[31],"17":[21],"18":[42],"19":[0],"20":[27],"21":[15],"22":[2],"23":[1],"24":[2],"25":[522],"26":[15],"27":[507],"28":[477],"29":[129],"30":[393],"31":[40],"32":[2]},"fnMap":{"0":{"name":"calculateWinner","decl":{"start":{"line":14,"column":0},"end":{"line":22,"column":1}},"loc":{"start":{"line":14,"column":0},"end":{"line":22,"column":1}},"line":14},"1":{"name":"App","decl":{"start":{"line":24,"column":0},"end":{"line":92,"column":1}},"loc":{"start":{"line":24,"column":0},"end":{"line":92,"column":1}},"line":24},"2":{"name":"onClick","decl":{"start":{"line":79,"column":21},"end":{"line":79,"column":46}},"loc":{"start":{"line":79,"column":21},"end":{"line":79,"column":46}},"line":79},"3":{"name":"onKeyDown","decl":{"start":{"line":80,"column":23},"end":{"line":80,"column":54}},"loc":{"start":{"line":80,"column":23},"end":{"line":80,"column":54}},"line":80}},"f":{"0":66,"1":58,"2":40,"3":2}}
}
